<?xml version="1.0" encoding="UTF-8"?>
<coverage generated="1746475745868" clover="3.2.0">
  <project timestamp="1746475745868" name="All files">
    <metrics statements="59" coveredstatements="53" conditionals="19" coveredconditionals="13" methods="12" coveredmethods="10" elements="90" coveredelements="76" complexity="0" loc="59" ncloc="59" packages="1" files="3" classes="3"/>
    <file name="CategorySelector.js" path="C:\Users\Shuaib\Chalmers projects\Agile software project management\DAT257\dat257\app\calculator\components\CategorySelector.js">
      <metrics statements="9" coveredstatements="8" conditionals="6" coveredconditionals="6" methods="4" coveredmethods="3"/>
      <line num="4" count="1" type="stmt"/>
      <line num="12" count="5" type="stmt"/>
      <line num="15" count="10" type="stmt"/>
      <line num="16" count="10" type="cond" truecount="2" falsecount="0"/>
      <line num="20" count="10" type="stmt"/>
      <line num="27" count="1" type="stmt"/>
      <line num="46" count="1" type="stmt"/>
      <line num="55" count="1" type="stmt"/>
      <line num="57" count="0" type="stmt"/>
    </file>
    <file name="QuestionSlider.js" path="C:\Users\Shuaib\Chalmers projects\Agile software project management\DAT257\dat257\app\calculator\components\QuestionSlider.js">
      <metrics statements="6" coveredstatements="6" conditionals="6" coveredconditionals="6" methods="3" coveredmethods="3"/>
      <line num="8" count="5" type="stmt"/>
      <line num="9" count="5" type="stmt"/>
      <line num="18" count="1" type="stmt"/>
      <line num="26" count="5" type="stmt"/>
      <line num="27" count="5" type="stmt"/>
      <line num="43" count="3" type="stmt"/>
    </file>
    <file name="utils.js" path="C:\Users\Shuaib\Chalmers projects\Agile software project management\DAT257\dat257\app\calculator\components\utils.js">
      <metrics statements="44" coveredstatements="39" conditionals="7" coveredconditionals="1" methods="5" coveredmethods="4"/>
      <line num="1" count="1" type="stmt"/>
      <line num="2" count="1" type="stmt"/>
      <line num="3" count="1" type="stmt"/>
      <line num="4" count="1" type="stmt"/>
      <line num="5" count="1" type="stmt"/>
      <line num="6" count="1" type="stmt"/>
      <line num="7" count="1" type="stmt"/>
      <line num="8" count="1" type="stmt"/>
      <line num="9" count="1" type="stmt"/>
      <line num="10" count="1" type="stmt"/>
      <line num="11" count="1" type="stmt"/>
      <line num="12" count="1" type="stmt"/>
      <line num="13" count="1" type="stmt"/>
      <line num="14" count="1" type="stmt"/>
      <line num="15" count="1" type="stmt"/>
      <line num="17" count="1" type="stmt"/>
      <line num="20" count="1" type="stmt"/>
      <line num="21" count="0" type="stmt"/>
      <line num="22" count="0" type="stmt"/>
      <line num="23" count="0" type="stmt"/>
      <line num="24" count="0" type="stmt"/>
      <line num="26" count="0" type="stmt"/>
      <line num="34" count="1" type="cond" truecount="0" falsecount="3"/>
      <line num="35" count="1" type="stmt"/>
      <line num="36" count="1" type="stmt"/>
      <line num="37" count="11" type="stmt"/>
      <line num="38" count="11" type="stmt"/>
      <line num="39" count="11" type="stmt"/>
      <line num="40" count="11" type="stmt"/>
      <line num="42" count="1" type="stmt"/>
      <line num="46" count="2" type="stmt"/>
      <line num="47" count="2" type="stmt"/>
      <line num="48" count="2" type="stmt"/>
      <line num="52" count="2" type="cond" truecount="1" falsecount="1"/>
      <line num="53" count="2" type="stmt"/>
      <line num="54" count="2" type="stmt"/>
      <line num="55" count="2" type="stmt"/>
      <line num="56" count="2" type="stmt"/>
      <line num="57" count="2" type="stmt"/>
      <line num="58" count="2" type="stmt"/>
      <line num="59" count="2" type="stmt"/>
      <line num="60" count="2" type="stmt"/>
      <line num="61" count="2" type="stmt"/>
      <line num="62" count="2" type="stmt"/>
    </file>
  </project>
</coverage>
