{"C:\\Users\\Shuaib\\Chalmers projects\\Agile software project management\\DAT257\\dat257\\app\\calculator\\components\\CategorySelector.js": {"path":"C:\\Users\\Shuaib\\Chalmers projects\\Agile software project management\\DAT257\\dat257\\app\\calculator\\components\\CategorySelector.js","statementMap":{"0":{"start":{"line":4,"column":32},"end":{"line":44,"column":1}},"1":{"start":{"line":12,"column":2},"end":{"line":43,"column":4}},"2":{"start":{"line":15,"column":28},"end":{"line":15,"column":61}},"3":{"start":{"line":16,"column":25},"end":{"line":18,"column":42}},"4":{"start":{"line":20,"column":8},"end":{"line":40,"column":10}},"5":{"start":{"line":27,"column":29},"end":{"line":27,"column":50}},"6":{"start":{"line":46,"column":0},"end":{"line":53,"column":2}},"7":{"start":{"line":55,"column":0},"end":{"line":58,"column":2}},"8":{"start":{"line":57,"column":35},"end":{"line":57,"column":36}}},"fnMap":{"0":{"name":"(anonymous_0)","decl":{"start":{"line":4,"column":32},"end":{"line":4,"column":33}},"loc":{"start":{"line":11,"column":6},"end":{"line":44,"column":1}},"line":11},"1":{"name":"(anonymous_1)","decl":{"start":{"line":14,"column":35},"end":{"line":14,"column":36}},"loc":{"start":{"line":14,"column":44},"end":{"line":41,"column":7}},"line":14},"2":{"name":"(anonymous_2)","decl":{"start":{"line":27,"column":23},"end":{"line":27,"column":24}},"loc":{"start":{"line":27,"column":29},"end":{"line":27,"column":50}},"line":27},"3":{"name":"(anonymous_3)","decl":{"start":{"line":57,"column":29},"end":{"line":57,"column":30}},"loc":{"start":{"line":57,"column":35},"end":{"line":57,"column":36}},"line":57}},"branchMap":{"0":{"loc":{"start":{"line":16,"column":25},"end":{"line":18,"column":42}},"type":"cond-expr","locations":[{"start":{"line":17,"column":12},"end":{"line":17,"column":33}},{"start":{"line":18,"column":12},"end":{"line":18,"column":42}}],"line":16},"1":{"loc":{"start":{"line":24,"column":44},"end":{"line":24,"column":74}},"type":"cond-expr","locations":[{"start":{"line":24,"column":58},"end":{"line":24,"column":69}},{"start":{"line":24,"column":72},"end":{"line":24,"column":74}}],"line":24},"2":{"loc":{"start":{"line":25,"column":16},"end":{"line":25,"column":55}},"type":"cond-expr","locations":[{"start":{"line":25,"column":42},"end":{"line":25,"column":50}},{"start":{"line":25,"column":53},"end":{"line":25,"column":55}}],"line":25}},"s":{"0":1,"1":5,"2":10,"3":10,"4":10,"5":1,"6":1,"7":1,"8":0},"f":{"0":5,"1":10,"2":1,"3":0},"b":{"0":[8,2],"1":[4,6],"2":[5,5]},"_coverageSchema":"1a1c01bbd47fc00a2c39e90264f33305004495a9","hash":"f6eedbac1c885a167f1fab94af765913c786790a"}
,"C:\\Users\\Shuaib\\Chalmers projects\\Agile software project management\\DAT257\\dat257\\app\\calculator\\components\\QuestionSlider.js": {"path":"C:\\Users\\Shuaib\\Chalmers projects\\Agile software project management\\DAT257\\dat257\\app\\calculator\\components\\QuestionSlider.js","statementMap":{"0":{"start":{"line":8,"column":14},"end":{"line":8,"column":49}},"1":{"start":{"line":9,"column":2},"end":{"line":15,"column":5}},"2":{"start":{"line":18,"column":30},"end":{"line":94,"column":1}},"3":{"start":{"line":26,"column":48},"end":{"line":26,"column":63}},"4":{"start":{"line":27,"column":2},"end":{"line":93,"column":4}},"5":{"start":{"line":43,"column":14},"end":{"line":51,"column":21}}},"fnMap":{"0":{"name":"computeSliderBackground","decl":{"start":{"line":7,"column":16},"end":{"line":7,"column":39}},"loc":{"start":{"line":7,"column":61},"end":{"line":16,"column":1}},"line":7},"1":{"name":"(anonymous_1)","decl":{"start":{"line":18,"column":30},"end":{"line":18,"column":31}},"loc":{"start":{"line":25,"column":6},"end":{"line":94,"column":1}},"line":25},"2":{"name":"(anonymous_2)","decl":{"start":{"line":42,"column":38},"end":{"line":42,"column":39}},"loc":{"start":{"line":43,"column":14},"end":{"line":51,"column":21}},"line":43}},"branchMap":{"0":{"loc":{"start":{"line":41,"column":11},"end":{"line":62,"column":11}},"type":"cond-expr","locations":[{"start":{"line":42,"column":12},"end":{"line":52,"column":14}},{"start":{"line":54,"column":12},"end":{"line":61,"column":18}}],"line":41},"1":{"loc":{"start":{"line":47,"column":18},"end":{"line":47,"column":73}},"type":"cond-expr","locations":[{"start":{"line":47,"column":60},"end":{"line":47,"column":68}},{"start":{"line":47,"column":71},"end":{"line":47,"column":73}}],"line":47},"2":{"loc":{"start":{"line":79,"column":11},"end":{"line":79,"column":64}},"type":"cond-expr","locations":[{"start":{"line":79,"column":26},"end":{"line":79,"column":43}},{"start":{"line":79,"column":46},"end":{"line":79,"column":64}}],"line":79}},"s":{"0":5,"1":5,"2":1,"3":5,"4":5,"5":3},"f":{"0":5,"1":5,"2":3},"b":{"0":[1,4],"1":[1,2],"2":[1,4]},"_coverageSchema":"1a1c01bbd47fc00a2c39e90264f33305004495a9","hash":"b3627e91d7d5b0be0cbca9131f7c927e646591c0"}
,"C:\\Users\\Shuaib\\Chalmers projects\\Agile software project management\\DAT257\\dat257\\app\\calculator\\components\\utils.js": {"path":"C:\\Users\\Shuaib\\Chalmers projects\\Agile software project management\\DAT257\\dat257\\app\\calculator\\components\\utils.js","statementMap":{"0":{"start":{"line":1,"column":40},"end":{"line":18,"column":3}},"1":{"start":{"line":2,"column":28},"end":{"line":2,"column":100}},"2":{"start":{"line":3,"column":18},"end":{"line":3,"column":65}},"3":{"start":{"line":4,"column":20},"end":{"line":4,"column":49}},"4":{"start":{"line":5,"column":20},"end":{"line":5,"column":52}},"5":{"start":{"line":6,"column":20},"end":{"line":6,"column":54}},"6":{"start":{"line":7,"column":18},"end":{"line":7,"column":48}},"7":{"start":{"line":8,"column":28},"end":{"line":8,"column":69}},"8":{"start":{"line":9,"column":18},"end":{"line":9,"column":56}},"9":{"start":{"line":10,"column":24},"end":{"line":10,"column":66}},"10":{"start":{"line":11,"column":22},"end":{"line":11,"column":69}},"11":{"start":{"line":12,"column":23},"end":{"line":12,"column":73}},"12":{"start":{"line":13,"column":20},"end":{"line":13,"column":56}},"13":{"start":{"line":14,"column":28},"end":{"line":14,"column":68}},"14":{"start":{"line":15,"column":22},"end":{"line":15,"column":87}},"15":{"start":{"line":17,"column":4},"end":{"line":17,"column":191}},"16":{"start":{"line":20,"column":29},"end":{"line":32,"column":3}},"17":{"start":{"line":21,"column":27},"end":{"line":21,"column":33}},"18":{"start":{"line":22,"column":25},"end":{"line":22,"column":28}},"19":{"start":{"line":23,"column":25},"end":{"line":23,"column":27}},"20":{"start":{"line":24,"column":24},"end":{"line":24,"column":28}},"21":{"start":{"line":26,"column":4},"end":{"line":31,"column":6}},"22":{"start":{"line":34,"column":44},"end":{"line":43,"column":3}},"23":{"start":{"line":35,"column":17},"end":{"line":35,"column":19}},"24":{"start":{"line":36,"column":4},"end":{"line":41,"column":5}},"25":{"start":{"line":36,"column":17},"end":{"line":36,"column":18}},"26":{"start":{"line":37,"column":16},"end":{"line":37,"column":42}},"27":{"start":{"line":38,"column":23},"end":{"line":38,"column":62}},"28":{"start":{"line":39,"column":16},"end":{"line":39,"column":76}},"29":{"start":{"line":40,"column":6},"end":{"line":40,"column":26}},"30":{"start":{"line":42,"column":4},"end":{"line":42,"column":16}},"31":{"start":{"line":46,"column":14},"end":{"line":46,"column":33}},"32":{"start":{"line":47,"column":16},"end":{"line":47,"column":49}},"33":{"start":{"line":48,"column":4},"end":{"line":48,"column":33}},"34":{"start":{"line":52,"column":17},"end":{"line":52,"column":32}},"35":{"start":{"line":53,"column":4},"end":{"line":53,"column":20}},"36":{"start":{"line":54,"column":15},"end":{"line":54,"column":26}},"37":{"start":{"line":55,"column":11},"end":{"line":55,"column":23}},"38":{"start":{"line":56,"column":11},"end":{"line":56,"column":22}},"39":{"start":{"line":57,"column":11},"end":{"line":57,"column":23}},"40":{"start":{"line":58,"column":11},"end":{"line":58,"column":22}},"41":{"start":{"line":59,"column":10},"end":{"line":59,"column":19}},"42":{"start":{"line":60,"column":14},"end":{"line":60,"column":29}},"43":{"start":{"line":61,"column":14},"end":{"line":61,"column":89}},"44":{"start":{"line":62,"column":4},"end":{"line":62,"column":20}}},"fnMap":{"0":{"name":"(anonymous_0)","decl":{"start":{"line":1,"column":40},"end":{"line":1,"column":41}},"loc":{"start":{"line":1,"column":54},"end":{"line":18,"column":3}},"line":1},"1":{"name":"(anonymous_1)","decl":{"start":{"line":20,"column":29},"end":{"line":20,"column":30}},"loc":{"start":{"line":20,"column":44},"end":{"line":32,"column":3}},"line":20},"2":{"name":"(anonymous_2)","decl":{"start":{"line":34,"column":44},"end":{"line":34,"column":45}},"loc":{"start":{"line":34,"column":90},"end":{"line":43,"column":3}},"line":34},"3":{"name":"getPercentile","decl":{"start":{"line":45,"column":18},"end":{"line":45,"column":31}},"loc":{"start":{"line":45,"column":63},"end":{"line":49,"column":3}},"line":45},"4":{"name":"erf","decl":{"start":{"line":51,"column":11},"end":{"line":51,"column":14}},"loc":{"start":{"line":51,"column":18},"end":{"line":63,"column":3}},"line":51}},"branchMap":{"0":{"loc":{"start":{"line":34,"column":45},"end":{"line":34,"column":56}},"type":"default-arg","locations":[{"start":{"line":34,"column":52},"end":{"line":34,"column":56}}],"line":34},"1":{"loc":{"start":{"line":34,"column":58},"end":{"line":34,"column":71}},"type":"default-arg","locations":[{"start":{"line":34,"column":67},"end":{"line":34,"column":71}}],"line":34},"2":{"loc":{"start":{"line":34,"column":73},"end":{"line":34,"column":85}},"type":"default-arg","locations":[{"start":{"line":34,"column":82},"end":{"line":34,"column":85}}],"line":34},"3":{"loc":{"start":{"line":45,"column":35},"end":{"line":45,"column":46}},"type":"default-arg","locations":[{"start":{"line":45,"column":42},"end":{"line":45,"column":46}}],"line":45},"4":{"loc":{"start":{"line":45,"column":48},"end":{"line":45,"column":61}},"type":"default-arg","locations":[{"start":{"line":45,"column":57},"end":{"line":45,"column":61}}],"line":45},"5":{"loc":{"start":{"line":52,"column":17},"end":{"line":52,"column":32}},"type":"cond-expr","locations":[{"start":{"line":52,"column":26},"end":{"line":52,"column":27}},{"start":{"line":52,"column":30},"end":{"line":52,"column":32}}],"line":52}},"s":{"0":1,"1":1,"2":1,"3":1,"4":1,"5":1,"6":1,"7":1,"8":1,"9":1,"10":1,"11":1,"12":1,"13":1,"14":1,"15":1,"16":1,"17":0,"18":0,"19":0,"20":0,"21":0,"22":1,"23":1,"24":1,"25":1,"26":11,"27":11,"28":11,"29":11,"30":1,"31":2,"32":2,"33":2,"34":2,"35":2,"36":2,"37":2,"38":2,"39":2,"40":2,"41":2,"42":2,"43":2,"44":2},"f":{"0":1,"1":0,"2":1,"3":2,"4":2},"b":{"0":[0],"1":[0],"2":[0],"3":[0],"4":[0],"5":[2,0]},"_coverageSchema":"1a1c01bbd47fc00a2c39e90264f33305004495a9","hash":"fbaed8a9fa380d1b1b8c5ba7ab02a8c9372c7075"}
}
