TN:
SF:dat257\app\calculator\components\CategorySelector.js
FN:4,(anonymous_0)
FN:14,(anonymous_1)
FN:27,(anonymous_2)
FN:57,(anonymous_3)
FNF:4
FNH:3
FNDA:5,(anonymous_0)
FNDA:10,(anonymous_1)
FNDA:1,(anonymous_2)
FNDA:0,(anonymous_3)
DA:4,1
DA:12,5
DA:15,10
DA:16,10
DA:20,10
DA:27,1
DA:46,1
DA:55,1
DA:57,0
LF:9
LH:8
BRDA:16,0,0,8
BRDA:16,0,1,2
BRDA:24,1,0,4
BRDA:24,1,1,6
BRDA:25,2,0,5
BRDA:25,2,1,5
BRF:6
BRH:6
end_of_record
TN:
SF:dat257\app\calculator\components\QuestionSlider.js
FN:7,computeSliderBackground
FN:18,(anonymous_1)
FN:42,(anonymous_2)
FNF:3
FNH:3
FNDA:5,computeSliderBackground
FNDA:5,(anonymous_1)
FNDA:3,(anonymous_2)
DA:8,5
DA:9,5
DA:18,1
DA:26,5
DA:27,5
DA:43,3
LF:6
LH:6
BRDA:41,0,0,1
BRDA:41,0,1,4
BRDA:47,1,0,1
BRDA:47,1,1,2
BRDA:79,2,0,1
BRDA:79,2,1,4
BRF:6
BRH:6
end_of_record
TN:
SF:dat257\app\calculator\components\utils.js
FN:1,(anonymous_0)
FN:20,(anonymous_1)
FN:34,(anonymous_2)
FN:45,getPercentile
FN:51,erf
FNF:5
FNH:4
FNDA:1,(anonymous_0)
FNDA:0,(anonymous_1)
FNDA:1,(anonymous_2)
FNDA:2,getPercentile
FNDA:2,erf
DA:1,1
DA:2,1
DA:3,1
DA:4,1
DA:5,1
DA:6,1
DA:7,1
DA:8,1
DA:9,1
DA:10,1
DA:11,1
DA:12,1
DA:13,1
DA:14,1
DA:15,1
DA:17,1
DA:20,1
DA:21,0
DA:22,0
DA:23,0
DA:24,0
DA:26,0
DA:34,1
DA:35,1
DA:36,1
DA:37,11
DA:38,11
DA:39,11
DA:40,11
DA:42,1
DA:46,2
DA:47,2
DA:48,2
DA:52,2
DA:53,2
DA:54,2
DA:55,2
DA:56,2
DA:57,2
DA:58,2
DA:59,2
DA:60,2
DA:61,2
DA:62,2
LF:44
LH:39
BRDA:34,0,0,0
BRDA:34,1,0,0
BRDA:34,2,0,0
BRDA:45,3,0,0
BRDA:45,4,0,0
BRDA:52,5,0,2
BRDA:52,5,1,0
BRF:7
BRH:1
end_of_record
